# JRE version: Java(TM) SE Runtime Environment (17.0.4.1+1) (build 17.0.4.1+1-LTS-2)
# Java VM: Java HotSpot(TM) 64-Bit Server VM (17.0.4.1+1-LTS-2, mixed mode, sharing, tiered, compressed oops, compressed class ptrs, g1 gc, windows-amd64)
GC Precious Log:
 CPUs: 8 total, 8 available
 Memory: 7103M
 Large Page Support: Disabled
 NUMA Support: Disabled
 Compressed Oops: Enabled (32-bit)
 Heap Region Size: 1M
 Heap Min Capacity: 8M
 Heap Initial Capacity: 112M
 Heap Max Capacity: 1776M
 Pre-touch: Disabled
 Parallel Workers: 8
 Concurrent Workers: 2
 Concurrent Refinement Workers: 8
 Periodic GC: Disabled
Heap:
 garbage-first heap   total 65536K, used 35142K [0x0000000091000000, 0x0000000100000000)
  region size 1024K, 21 young (21504K), 3 survivors (3072K)
 Metaspace       used 39833K, committed 40256K, reserved 1089536K
  class space    used 5285K, committed 5504K, reserved 1048576K
GC Heap History (14 events):
Event: 0.808 GC heap before
{Heap before GC invocations=0 (full 0):
 garbage-first heap   total 114688K, used 23552K [0x0000000091000000, 0x0000000100000000)
  region size 1024K, 23 young (23552K), 0 survivors (0K)
 Metaspace       used 6262K, committed 6400K, reserved 1056768K
  class space    used 766K, committed 832K, reserved 1048576K
}
Event: 0.817 GC heap after
{Heap after GC invocations=1 (full 0):
 garbage-first heap   total 114688K, used 7035K [0x0000000091000000, 0x0000000100000000)
  region size 1024K, 3 young (3072K), 3 survivors (3072K)
 Metaspace       used 6262K, committed 6400K, reserved 1056768K
  class space    used 766K, committed 832K, reserved 1048576K
}
Event: 1.304 GC heap before
{Heap before GC invocations=1 (full 0):
 garbage-first heap   total 114688K, used 33659K [0x0000000091000000, 0x0000000100000000)
  region size 1024K, 30 young (30720K), 3 survivors (3072K)
 Metaspace       used 13610K, committed 13824K, reserved 1064960K
  class space    used 1679K, committed 1792K, reserved 1048576K
}
Event: 1.310 GC heap after
{Heap after GC invocations=2 (full 0):
 garbage-first heap   total 114688K, used 9085K [0x0000000091000000, 0x0000000100000000)
  region size 1024K, 3 young (3072K), 3 survivors (3072K)
 Metaspace       used 13610K, committed 13824K, reserved 1064960K
  class space    used 1679K, committed 1792K, reserved 1048576K
}
Event: 2.848 GC heap before
{Heap before GC invocations=2 (full 0):
 garbage-first heap   total 114688K, used 56189K [0x0000000091000000, 0x0000000100000000)
  region size 1024K, 50 young (51200K), 3 survivors (3072K)
 Metaspace       used 21124K, committed 21504K, reserved 1073152K
  class space    used 2670K, committed 2880K, reserved 1048576K
}
Event: 2.858 GC heap after
{Heap after GC invocations=3 (full 0):
 garbage-first heap   total 114688K, used 12428K [0x0000000091000000, 0x0000000100000000)
  region size 1024K, 6 young (6144K), 6 survivors (6144K)
 Metaspace       used 21124K, committed 21504K, reserved 1073152K
  class space    used 2670K, committed 2880K, reserved 1048576K
}
Event: 3.813 GC heap before
{Heap before GC invocations=4 (full 0):
 garbage-first heap   total 48128K, used 34956K [0x0000000091000000, 0x0000000100000000)
  region size 1024K, 28 young (28672K), 6 survivors (6144K)
 Metaspace       used 25960K, committed 26368K, reserved 1073152K
  class space    used 3321K, committed 3520K, reserved 1048576K
}
Event: 3.828 GC heap after
{Heap after GC invocations=5 (full 0):
 garbage-first heap   total 48128K, used 15147K [0x0000000091000000, 0x0000000100000000)
  region size 1024K, 3 young (3072K), 3 survivors (3072K)
 Metaspace       used 25960K, committed 26368K, reserved 1073152K
  class space    used 3321K, committed 3520K, reserved 1048576K
}
Event: 3.869 GC heap before
{Heap before GC invocations=5 (full 0):
 garbage-first heap   total 48128K, used 16171K [0x0000000091000000, 0x0000000100000000)
  region size 1024K, 4 young (4096K), 3 survivors (3072K)
 Metaspace       used 26244K, committed 26624K, reserved 1073152K
  class space    used 3350K, committed 3520K, reserved 1048576K
}
Event: 3.877 GC heap after
{Heap after GC invocations=6 (full 0):
 garbage-first heap   total 48128K, used 15346K [0x0000000091000000, 0x0000000100000000)
  region size 1024K, 1 young (1024K), 1 survivors (1024K)
 Metaspace       used 26244K, committed 26624K, reserved 1073152K
  class space    used 3350K, committed 3520K, reserved 1048576K
}
Event: 4.630 GC heap before
{Heap before GC invocations=6 (full 0):
 garbage-first heap   total 48128K, used 33778K [0x0000000091000000, 0x0000000100000000)
  region size 1024K, 19 young (19456K), 1 survivors (1024K)
 Metaspace       used 29687K, committed 30080K, reserved 1081344K
  class space    used 3811K, committed 3968K, reserved 1048576K
}
Event: 4.635 GC heap after
{Heap after GC invocations=7 (full 0):
 garbage-first heap   total 73728K, used 16514K [0x0000000091000000, 0x0000000100000000)
  region size 1024K, 2 young (2048K), 2 survivors (2048K)
 Metaspace       used 29687K, committed 30080K, reserved 1081344K
  class space    used 3811K, committed 3968K, reserved 1048576K
}
Event: 5.416 GC heap before
{Heap before GC invocations=7 (full 0):
 garbage-first heap   total 73728K, used 38018K [0x0000000091000000, 0x0000000100000000)
  region size 1024K, 24 young (24576K), 2 survivors (2048K)
 Metaspace       used 35554K, committed 35968K, reserved 1081344K
  class space    used 4707K, committed 4928K, reserved 1048576K
}
Event: 5.422 GC heap after
{Heap after GC invocations=8 (full 0):
 garbage-first heap   total 73728K, used 17734K [0x0000000091000000, 0x0000000100000000)
  region size 1024K, 3 young (3072K), 3 survivors (3072K)
 Metaspace       used 35554K, committed 35968K, reserved 1081344K
  class space    used 4707K, committed 4928K, reserved 1048576K
}

